

Microchip MPLAB XC8 Assembler V2.10 build 88905656 
                                                                                               Fri Feb 19 11:27:17 2021

Microchip MPLAB XC8 C Compiler v2.10 (Free license) build 20190730164152 Og1 
     1                           	processor	18F4550
     2                           	fnconf	rparam,??,?,0
     3                           	opt	pw 120
     4                           	opt	flic
     5                           	psect	idataCOMRAM,global,class=CODE,delta=1,noexec
     6                           	psect	cinit,global,reloc=2,class=CODE,delta=1
     7                           	psect	dataCOMRAM,global,class=COMRAM,space=1,delta=1,noexec
     8                           	psect	cstackCOMRAM,global,class=COMRAM,space=1,delta=1,noexec
     9                           	psect	text0,global,reloc=2,class=CODE,delta=1
    10                           	psect	text1,global,reloc=2,class=CODE,delta=1
    11                           	psect	text2,global,reloc=2,class=CODE,delta=1
    12                           	psect	intcode,global,reloc=2,class=CODE,delta=1
    13                           	psect	intcode_body,global,reloc=2,class=CODE,delta=1
    14                           	psect	intsave_regs,global,class=BIGRAM,space=1,delta=1,noexec
    15                           	psect	rparam,global,class=COMRAM,space=1,delta=1,noexec
    16                           	psect	temp,global,ovrld,common,class=COMRAM,space=1,delta=1
    17  0000                     
    18                           ; Version 2.10
    19                           ; Generated 31/07/2019 GMT
    20                           ; 
    21                           ; Copyright © 2019, Microchip Technology Inc. and its subsidiaries ("Microchip")
    22                           ; All rights reserved.
    23                           ; 
    24                           ; This software is developed by Microchip Technology Inc. and its subsidiaries ("Microch
      +                          ip").
    25                           ; 
    26                           ; Redistribution and use in source and binary forms, with or without modification, are
    27                           ; permitted provided that the following conditions are met:
    28                           ; 
    29                           ;     1. Redistributions of source code must retain the above copyright notice, this lis
      +                          t of
    30                           ;        conditions and the following disclaimer.
    31                           ; 
    32                           ;     2. Redistributions in binary form must reproduce the above copyright notice, this 
      +                          list
    33                           ;        of conditions and the following disclaimer in the documentation and/or other
    34                           ;        materials provided with the distribution.
    35                           ; 
    36                           ;     3. Microchip's name may not be used to endorse or promote products derived from th
      +                          is
    37                           ;        software without specific prior written permission.
    38                           ; 
    39                           ; THIS SOFTWARE IS PROVIDED BY MICROCHIP "AS IS" AND ANY EXPRESS OR IMPLIED WARRANTIES,
    40                           ; INCLUDING, BUT NOT LIMITED TO, THE IMPLIED WARRANTIES OF MERCHANTABILITY AND FITNESS F
      +                          OR
    41                           ; PURPOSE ARE DISCLAIMED.  IN NO EVENT SHALL MICROCHIP BE LIABLE FOR ANY DIRECT, INDIREC
      +                          T,
    42                           ; INCIDENTAL, SPECIAL, EXEMPLARY, OR CONSEQUENTIAL DAMAGES (INCLUDING BUT NOT LIMITED TO
    43                           ; PROCUREMENT OF SUBSTITUTE GOODS OR SERVICES; LOSS OF USE, DATA OR PROFITS; OR BUSINESS
    44                           ; INTERRUPTION) HOWSOEVER CAUSED AND ON ANY THEORY OF LIABILITY, WHETHER IN CONTRACT, ST
      +                          RICT
    45                           ; LIABILITY, OR TORT (INCLUDING NEGLIGENCE OR OTHERWISE) ARISING IN ANY WAY OUT OF THE U
      +                          SE OF
    46                           ; THIS SOFTWARE, EVEN IF ADVISED OF THE POSSIBILITY OF SUCH DAMAGE.
    47                           ; 
    48                           ; 
    49                           ; Code-generator required, PIC18F4550 Definitions
    50                           ; 
    51                           ; SFR Addresses
    52  0000                     
    53                           	psect	idataCOMRAM
    54  0001B2                     __pidataCOMRAM:
    55                           	opt callstack 0
    56                           
    57                           ;initializer for _display
    58  0001B2  003F               	dw	63
    59  0001B4  0006               	dw	6
    60  0001B6  005B               	dw	91
    61  0001B8  004F               	dw	79
    62  0001BA  0066               	dw	102
    63  0001BC  006D               	dw	109
    64  0001BE  007D               	dw	125
    65  0001C0  0007               	dw	7
    66  0001C2  007F               	dw	127
    67  0001C4  0067               	dw	103
    68                           
    69                           ;initializer for _DATTMR0
    70  0001C6  E17D               	dw	57725
    71                           
    72                           ;initializer for _Sunidades
    73  0001C8  05                 	db	5
    74                           
    75                           ;initializer for _Sdecenas
    76  0001C9  04                 	db	4
    77                           
    78                           ;initializer for _Munidades
    79  0001CA  09                 	db	9
    80                           
    81                           ;initializer for _Mdecenas
    82  0001CB  05                 	db	5
    83                           
    84                           ;initializer for _milsecons
    85  0001CC  5A                 	db	90
    86  0000                     _LATDbits	set	3980
    87  0000                     _TMR0L	set	4054
    88  0000                     _TMR0H	set	4055
    89  0000                     _T0CONbits	set	4053
    90  0000                     _INTCONbits	set	4082
    91  0000                     _LATB	set	3978
    92  0000                     _LATD	set	3980
    93  0000                     _TRISB	set	3987
    94  0000                     _TRISD	set	3989
    95  0000                     _ADCON1bits	set	4033
    96                           
    97                           ; #config settings
    98  0000                     
    99                           	psect	cinit
   100  000168                     __pcinit:
   101                           	opt callstack 0
   102  000168                     start_initialization:
   103                           	opt callstack 0
   104  000168                     __initialization:
   105                           	opt callstack 0
   106                           
   107                           ; Initialize objects allocated to COMRAM (27 bytes)
   108                           ; load TBLPTR registers with __pidataCOMRAM
   109  000168  0EB2               	movlw	low __pidataCOMRAM
   110  00016A  6EF6               	movwf	tblptrl,c
   111  00016C  0E01               	movlw	high __pidataCOMRAM
   112  00016E  6EF7               	movwf	tblptrh,c
   113  000170  0E00               	movlw	low (__pidataCOMRAM shr (0+16))
   114  000172  6EF8               	movwf	tblptru,c
   115  000174  EE00  F001         	lfsr	0,__pdataCOMRAM
   116  000178  EE10 F01B          	lfsr	1,27
   117  00017C                     copy_data0:
   118  00017C  0009               	tblrd		*+
   119  00017E  CFF5 FFEE          	movff	tablat,postinc0
   120  000182  50E5               	movf	postdec1,w,c
   121  000184  50E1               	movf	fsr1l,w,c
   122  000186  E1FA               	bnz	copy_data0
   123  000188                     end_of_initialization:
   124                           	opt callstack 0
   125  000188                     __end_of__initialization:
   126                           	opt callstack 0
   127  000188  901D               	bcf	int$flags,0,c	;clear compiler interrupt flag (level 1)
   128  00018A  921D               	bcf	int$flags,1,c	;clear compiler interrupt flag (level 2)
   129  00018C  0100               	movlb	0
   130  00018E  EF09  F000         	goto	_main	;jump to C main() function
   131                           
   132                           	psect	dataCOMRAM
   133  000001                     __pdataCOMRAM:
   134                           	opt callstack 0
   135  000001                     _display:
   136                           	opt callstack 0
   137  000001                     	ds	20
   138  000015                     _DATTMR0:
   139                           	opt callstack 0
   140  000015                     	ds	2
   141  000017                     _Sunidades:
   142                           	opt callstack 0
   143  000017                     	ds	1
   144  000018                     _Sdecenas:
   145                           	opt callstack 0
   146  000018                     	ds	1
   147  000019                     _Munidades:
   148                           	opt callstack 0
   149  000019                     	ds	1
   150  00001A                     _Mdecenas:
   151                           	opt callstack 0
   152  00001A                     	ds	1
   153  00001B                     _milsecons:
   154                           	opt callstack 0
   155  00001B                     	ds	1
   156                           
   157                           	psect	cstackCOMRAM
   158  00001C                     __pcstackCOMRAM:
   159                           	opt callstack 0
   160  00001C                     ??_main:
   161  00001C                     
   162                           ; 1 bytes @ 0x0
   163  00001C                     	ds	1
   164                           
   165 ;;
   166 ;;Main: autosize = 0, tempsize = 1, incstack = 0, save=0
   167 ;;
   168 ;; *************** function _main *****************
   169 ;; Defined at:
   170 ;;		line 62 in file "Timer0.c"
   171 ;; Parameters:    Size  Location     Type
   172 ;;		None
   173 ;; Auto vars:     Size  Location     Type
   174 ;;		None
   175 ;; Return value:  Size  Location     Type
   176 ;;                  1    wreg      void 
   177 ;; Registers used:
   178 ;;		wreg, fsr2l, fsr2h, status,2, status,0, prodl, prodh, cstack
   179 ;; Tracked objects:
   180 ;;		On entry : 0/0
   181 ;;		On exit  : 0/0
   182 ;;		Unchanged: 0/0
   183 ;; Data sizes:     COMRAM   BANK0   BANK1   BANK2   BANK3   BANK4   BANK5   BANK6   BANK7
   184 ;;      Params:         0       0       0       0       0       0       0       0       0
   185 ;;      Locals:         0       0       0       0       0       0       0       0       0
   186 ;;      Temps:          1       0       0       0       0       0       0       0       0
   187 ;;      Totals:         1       0       0       0       0       0       0       0       0
   188 ;;Total ram usage:        1 bytes
   189 ;; Hardware stack levels required when called:    2
   190 ;; This function calls:
   191 ;;		_Init
   192 ;;		_InitTMR0
   193 ;; This function is called by:
   194 ;;		Startup code after reset
   195 ;; This function uses a non-reentrant model
   196 ;;
   197                           
   198                           	psect	text0
   199  000012                     __ptext0:
   200                           	opt callstack 0
   201  000012                     _main:
   202                           	opt callstack 29
   203  000012                     
   204                           ;Timer0.c: 64:     Init();
   205  000012  ECE7  F000         	call	_Init	;wreg free
   206                           
   207                           ;Timer0.c: 65:     InitTMR0();
   208  000016  ECC9  F000         	call	_InitTMR0	;wreg free
   209  00001A                     l761:
   210                           
   211                           ;Timer0.c: 70:         LATDbits.LD4 = 1;
   212  00001A  888C               	bsf	140,4,c	;volatile
   213  00001C                     
   214                           ;Timer0.c: 71:         _delay((unsigned long)((milsecons)*(8000000L/4000.0)));
   215  00001C  0EEA               	movlw	234
   216  00001E  6E1C               	movwf	??_main^0,c
   217  000020  0EC3               	movlw	195
   218  000022                     u427:
   219  000022  2EE8               	decfsz	wreg,f,c
   220  000024  D7FE               	bra	u427
   221  000026  2E1C               	decfsz	??_main^0,f,c
   222  000028  D7FC               	bra	u427
   223  00002A  F000               	nop	
   224  00002C                     
   225                           ;Timer0.c: 72:         LATDbits.LD0 = 1;
   226  00002C  808C               	bsf	140,0,c	;volatile
   227  00002E                     
   228                           ;Timer0.c: 73:         LATDbits.LD3 = 0;
   229  00002E  968C               	bcf	140,3,c	;volatile
   230  000030                     
   231                           ;Timer0.c: 74:         LATDbits.LD1 = 0;
   232  000030  928C               	bcf	140,1,c	;volatile
   233  000032                     
   234                           ;Timer0.c: 75:         LATDbits.LD2 = 0;
   235  000032  948C               	bcf	140,2,c	;volatile
   236  000034                     
   237                           ;Timer0.c: 76:         LATB = display[Mdecenas];
   238  000034  501A               	movf	_Mdecenas^0,w,c
   239  000036  0D02               	mullw	2
   240  000038  0E01               	movlw	low _display
   241  00003A  24F3               	addwf	243,w,c
   242  00003C  6ED9               	movwf	fsr2l,c
   243  00003E  0E00               	movlw	high _display
   244  000040  20F4               	addwfc	prodh,w,c
   245  000042  6EDA               	movwf	fsr2h,c
   246  000044  50DF               	movf	indf2,w,c
   247  000046  6E8A               	movwf	138,c	;volatile
   248  000048                     
   249                           ;Timer0.c: 77:         _delay((unsigned long)((milsecons)*(8000000L/4000.0)));
   250  000048  0EEA               	movlw	234
   251  00004A  6E1C               	movwf	??_main^0,c
   252  00004C  0EC3               	movlw	195
   253  00004E                     u437:
   254  00004E  2EE8               	decfsz	wreg,f,c
   255  000050  D7FE               	bra	u437
   256  000052  2E1C               	decfsz	??_main^0,f,c
   257  000054  D7FC               	bra	u437
   258  000056  F000               	nop	
   259  000058                     
   260                           ;Timer0.c: 78:         LATDbits.LD3 = 0;
   261  000058  968C               	bcf	140,3,c	;volatile
   262  00005A                     
   263                           ;Timer0.c: 79:         LATDbits.LD0 = 0;
   264  00005A  908C               	bcf	140,0,c	;volatile
   265  00005C                     
   266                           ;Timer0.c: 80:         LATDbits.LD1 = 1;
   267  00005C  828C               	bsf	140,1,c	;volatile
   268  00005E                     
   269                           ;Timer0.c: 81:         LATDbits.LD2 = 0;
   270  00005E  948C               	bcf	140,2,c	;volatile
   271  000060                     
   272                           ;Timer0.c: 82:         LATB = display[Munidades];
   273  000060  5019               	movf	_Munidades^0,w,c
   274  000062  0D02               	mullw	2
   275  000064  0E01               	movlw	low _display
   276  000066  24F3               	addwf	243,w,c
   277  000068  6ED9               	movwf	fsr2l,c
   278  00006A  0E00               	movlw	high _display
   279  00006C  20F4               	addwfc	prodh,w,c
   280  00006E  6EDA               	movwf	fsr2h,c
   281  000070  50DF               	movf	indf2,w,c
   282  000072  6E8A               	movwf	138,c	;volatile
   283  000074                     
   284                           ;Timer0.c: 83:         _delay((unsigned long)((milsecons)*(8000000L/4000.0)));
   285  000074  0EEA               	movlw	234
   286  000076  6E1C               	movwf	??_main^0,c
   287  000078  0EC3               	movlw	195
   288  00007A                     u447:
   289  00007A  2EE8               	decfsz	wreg,f,c
   290  00007C  D7FE               	bra	u447
   291  00007E  2E1C               	decfsz	??_main^0,f,c
   292  000080  D7FC               	bra	u447
   293  000082  F000               	nop	
   294  000084                     
   295                           ;Timer0.c: 84:         LATDbits.LD2 = 1;
   296  000084  848C               	bsf	140,2,c	;volatile
   297  000086                     
   298                           ;Timer0.c: 85:         LATDbits.LD3 = 0;
   299  000086  968C               	bcf	140,3,c	;volatile
   300  000088                     
   301                           ;Timer0.c: 86:         LATDbits.LD0 = 0;
   302  000088  908C               	bcf	140,0,c	;volatile
   303  00008A                     
   304                           ;Timer0.c: 87:         LATDbits.LD1 = 0;
   305  00008A  928C               	bcf	140,1,c	;volatile
   306  00008C                     
   307                           ;Timer0.c: 88:         LATB = display[Sdecenas];
   308  00008C  5018               	movf	_Sdecenas^0,w,c
   309  00008E  0D02               	mullw	2
   310  000090  0E01               	movlw	low _display
   311  000092  24F3               	addwf	243,w,c
   312  000094  6ED9               	movwf	fsr2l,c
   313  000096  0E00               	movlw	high _display
   314  000098  20F4               	addwfc	prodh,w,c
   315  00009A  6EDA               	movwf	fsr2h,c
   316  00009C  50DF               	movf	indf2,w,c
   317  00009E  6E8A               	movwf	138,c	;volatile
   318  0000A0                     
   319                           ;Timer0.c: 89:         _delay((unsigned long)((milsecons)*(8000000L/4000.0)));
   320  0000A0  0EEA               	movlw	234
   321  0000A2  6E1C               	movwf	??_main^0,c
   322  0000A4  0EC3               	movlw	195
   323  0000A6                     u457:
   324  0000A6  2EE8               	decfsz	wreg,f,c
   325  0000A8  D7FE               	bra	u457
   326  0000AA  2E1C               	decfsz	??_main^0,f,c
   327  0000AC  D7FC               	bra	u457
   328  0000AE  F000               	nop	
   329  0000B0                     
   330                           ;Timer0.c: 90:         LATDbits.LD3 = 1;
   331  0000B0  868C               	bsf	140,3,c	;volatile
   332  0000B2                     
   333                           ;Timer0.c: 91:         LATDbits.LD0 = 0;
   334  0000B2  908C               	bcf	140,0,c	;volatile
   335  0000B4                     
   336                           ;Timer0.c: 92:         LATDbits.LD1 = 0;
   337  0000B4  928C               	bcf	140,1,c	;volatile
   338  0000B6                     
   339                           ;Timer0.c: 93:         LATDbits.LD2 = 0;
   340  0000B6  948C               	bcf	140,2,c	;volatile
   341  0000B8                     
   342                           ;Timer0.c: 94:         LATB = display[Sunidades];
   343  0000B8  5017               	movf	_Sunidades^0,w,c
   344  0000BA  0D02               	mullw	2
   345  0000BC  0E01               	movlw	low _display
   346  0000BE  24F3               	addwf	243,w,c
   347  0000C0  6ED9               	movwf	fsr2l,c
   348  0000C2  0E00               	movlw	high _display
   349  0000C4  20F4               	addwfc	prodh,w,c
   350  0000C6  6EDA               	movwf	fsr2h,c
   351  0000C8  50DF               	movf	indf2,w,c
   352  0000CA  6E8A               	movwf	138,c	;volatile
   353  0000CC                     
   354                           ;Timer0.c: 95:         _delay((unsigned long)((milsecons)*(8000000L/4000.0)));
   355  0000CC  0EEA               	movlw	234
   356  0000CE  6E1C               	movwf	??_main^0,c
   357  0000D0  0EC3               	movlw	195
   358  0000D2                     u467:
   359  0000D2  2EE8               	decfsz	wreg,f,c
   360  0000D4  D7FE               	bra	u467
   361  0000D6  2E1C               	decfsz	??_main^0,f,c
   362  0000D8  D7FC               	bra	u467
   363  0000DA  F000               	nop	
   364  0000DC  EF0D  F000         	goto	l761
   365  0000E0  EF07  F000         	goto	start
   366  0000E4                     __end_of_main:
   367                           	opt callstack 0
   368                           
   369 ;; *************** function _InitTMR0 *****************
   370 ;; Defined at:
   371 ;;		line 42 in file "Timer0.c"
   372 ;; Parameters:    Size  Location     Type
   373 ;;		None
   374 ;; Auto vars:     Size  Location     Type
   375 ;;		None
   376 ;; Return value:  Size  Location     Type
   377 ;;                  1    wreg      void 
   378 ;; Registers used:
   379 ;;		wreg, status,2
   380 ;; Tracked objects:
   381 ;;		On entry : 0/0
   382 ;;		On exit  : 0/0
   383 ;;		Unchanged: 0/0
   384 ;; Data sizes:     COMRAM   BANK0   BANK1   BANK2   BANK3   BANK4   BANK5   BANK6   BANK7
   385 ;;      Params:         0       0       0       0       0       0       0       0       0
   386 ;;      Locals:         0       0       0       0       0       0       0       0       0
   387 ;;      Temps:          0       0       0       0       0       0       0       0       0
   388 ;;      Totals:         0       0       0       0       0       0       0       0       0
   389 ;;Total ram usage:        0 bytes
   390 ;; Hardware stack levels used:    1
   391 ;; Hardware stack levels required when called:    1
   392 ;; This function calls:
   393 ;;		Nothing
   394 ;; This function is called by:
   395 ;;		_main
   396 ;; This function uses a non-reentrant model
   397 ;;
   398                           
   399                           	psect	text1
   400  000192                     __ptext1:
   401                           	opt callstack 0
   402  000192                     _InitTMR0:
   403                           	opt callstack 29
   404  000192                     
   405                           ;Timer0.c: 45:     INTCONbits.GIE = 0;
   406  000192  9EF2               	bcf	242,7,c	;volatile
   407                           
   408                           ;Timer0.c: 46:     T0CONbits.T0CS = 0;
   409  000194  9AD5               	bcf	213,5,c	;volatile
   410                           
   411                           ;Timer0.c: 47:     T0CONbits.PSA = 0;
   412  000196  96D5               	bcf	213,3,c	;volatile
   413  000198                     
   414                           ;Timer0.c: 48:     T0CONbits.T0PS = 0b111;
   415  000198  0E07               	movlw	7
   416  00019A  12D5               	iorwf	213,f,c	;volatile
   417  00019C                     
   418                           ;Timer0.c: 49:     T0CONbits.T08BIT = 0;
   419  00019C  9CD5               	bcf	213,6,c	;volatile
   420  00019E                     
   421                           ;Timer0.c: 50:     INTCONbits.TMR0IF = 0;
   422  00019E  94F2               	bcf	242,2,c	;volatile
   423  0001A0                     
   424                           ;Timer0.c: 51:     INTCONbits.TMR0IE = 1;
   425  0001A0  8AF2               	bsf	242,5,c	;volatile
   426  0001A2                     
   427                           ;Timer0.c: 52:     INTCONbits.PEIE = 1;
   428  0001A2  8CF2               	bsf	242,6,c	;volatile
   429  0001A4                     
   430                           ;Timer0.c: 53:     INTCONbits.GIE = 1;
   431  0001A4  8EF2               	bsf	242,7,c	;volatile
   432  0001A6                     
   433                           ;Timer0.c: 54:     T0CONbits.TMR0ON = 1;
   434  0001A6  8ED5               	bsf	213,7,c	;volatile
   435  0001A8                     
   436                           ;Timer0.c: 57:     TMR0H = DATTMR0;
   437  0001A8  C015  FFD7         	movff	_DATTMR0,4055	;volatile
   438                           
   439                           ;Timer0.c: 58:     TMR0L = (DATTMR0) >> 8;
   440  0001AC  5016               	movf	(_DATTMR0+1)^0,w,c
   441  0001AE  6ED6               	movwf	214,c	;volatile
   442  0001B0  0012               	return		;funcret
   443  0001B2                     __end_of_InitTMR0:
   444                           	opt callstack 0
   445                           
   446 ;; *************** function _Init *****************
   447 ;; Defined at:
   448 ;;		line 32 in file "Timer0.c"
   449 ;; Parameters:    Size  Location     Type
   450 ;;		None
   451 ;; Auto vars:     Size  Location     Type
   452 ;;		None
   453 ;; Return value:  Size  Location     Type
   454 ;;                  1    wreg      void 
   455 ;; Registers used:
   456 ;;		wreg, status,2
   457 ;; Tracked objects:
   458 ;;		On entry : 0/0
   459 ;;		On exit  : 0/0
   460 ;;		Unchanged: 0/0
   461 ;; Data sizes:     COMRAM   BANK0   BANK1   BANK2   BANK3   BANK4   BANK5   BANK6   BANK7
   462 ;;      Params:         0       0       0       0       0       0       0       0       0
   463 ;;      Locals:         0       0       0       0       0       0       0       0       0
   464 ;;      Temps:          0       0       0       0       0       0       0       0       0
   465 ;;      Totals:         0       0       0       0       0       0       0       0       0
   466 ;;Total ram usage:        0 bytes
   467 ;; Hardware stack levels used:    1
   468 ;; Hardware stack levels required when called:    1
   469 ;; This function calls:
   470 ;;		Nothing
   471 ;; This function is called by:
   472 ;;		_main
   473 ;; This function uses a non-reentrant model
   474 ;;
   475                           
   476                           	psect	text2
   477  0001CE                     __ptext2:
   478                           	opt callstack 0
   479  0001CE                     _Init:
   480                           	opt callstack 29
   481  0001CE                     
   482                           ;Timer0.c: 34:     ADCON1bits.PCFG = 0XFF;
   483  0001CE  0E0F               	movlw	15
   484  0001D0  12C1               	iorwf	193,f,c	;volatile
   485                           
   486                           ;Timer0.c: 35:     TRISD = 0x00;
   487  0001D2  0E00               	movlw	0
   488  0001D4  6E95               	movwf	149,c	;volatile
   489                           
   490                           ;Timer0.c: 36:     TRISB = 0x00;
   491  0001D6  0E00               	movlw	0
   492  0001D8  6E93               	movwf	147,c	;volatile
   493                           
   494                           ;Timer0.c: 37:     LATD = 0x1F;
   495  0001DA  0E1F               	movlw	31
   496  0001DC  6E8C               	movwf	140,c	;volatile
   497                           
   498                           ;Timer0.c: 38:     LATB = 0x00;
   499  0001DE  0E00               	movlw	0
   500  0001E0  6E8A               	movwf	138,c	;volatile
   501  0001E2  0012               	return		;funcret
   502  0001E4                     __end_of_Init:
   503                           	opt callstack 0
   504                           
   505 ;; *************** function _Timer0 *****************
   506 ;; Defined at:
   507 ;;		line 102 in file "Timer0.c"
   508 ;; Parameters:    Size  Location     Type
   509 ;;		None
   510 ;; Auto vars:     Size  Location     Type
   511 ;;		None
   512 ;; Return value:  Size  Location     Type
   513 ;;                  1    wreg      void 
   514 ;; Registers used:
   515 ;;		wreg, status,2, status,0
   516 ;; Tracked objects:
   517 ;;		On entry : 0/0
   518 ;;		On exit  : 0/0
   519 ;;		Unchanged: 0/0
   520 ;; Data sizes:     COMRAM   BANK0   BANK1   BANK2   BANK3   BANK4   BANK5   BANK6   BANK7
   521 ;;      Params:         0       0       0       0       0       0       0       0       0
   522 ;;      Locals:         0       0       0       0       0       0       0       0       0
   523 ;;      Temps:          0       0       0       0       0       0       0       0       0
   524 ;;      Totals:         0       0       0       0       0       0       0       0       0
   525 ;;Total ram usage:        0 bytes
   526 ;; Hardware stack levels used:    1
   527 ;; This function calls:
   528 ;;		Nothing
   529 ;; This function is called by:
   530 ;;		Interrupt level 2
   531 ;; This function uses a non-reentrant model
   532 ;;
   533                           
   534                           	psect	intcode
   535  000008                     __pintcode:
   536                           	opt callstack 0
   537  000008                     _Timer0:
   538                           	opt callstack 29
   539                           
   540                           ;incstack = 0
   541  000008  821D               	bsf	int$flags,1,c	;set compiler interrupt flag (level 2)
   542  00000A  ED72  F000         	call	int_func,f	;refresh shadow registers
   543                           
   544                           	psect	intcode_body
   545  0000E4                     __pintcode_body:
   546                           	opt callstack 29
   547  0000E4                     int_func:
   548                           	opt callstack 29
   549  0000E4  0006               	pop		; remove dummy address from shadow register refresh
   550  0000E6                     
   551                           ;Timer0.c: 104:     if (INTCONbits.T0IF) {
   552  0000E6  A4F2               	btfss	242,2,c	;volatile
   553  0000E8  EF78  F000         	goto	i2u1_41
   554  0000EC  EF7A  F000         	goto	i2u1_40
   555  0000F0                     i2u1_41:
   556  0000F0  EFB2  F000         	goto	i2l63
   557  0000F4                     i2u1_40:
   558  0000F4                     
   559                           ;Timer0.c: 105:         TMR0H = DATTMR0;
   560  0000F4  C015  FFD7         	movff	_DATTMR0,4055	;volatile
   561  0000F8                     
   562                           ;Timer0.c: 106:         TMR0L = (DATTMR0) >> 8;
   563  0000F8  5016               	movf	(_DATTMR0+1)^0,w,c
   564  0000FA  6ED6               	movwf	214,c	;volatile
   565  0000FC                     
   566                           ;Timer0.c: 108:         Sunidades++;
   567  0000FC  2A17               	incf	_Sunidades^0,f,c
   568  0000FE                     
   569                           ;Timer0.c: 110:         if (Sunidades >= 9)
   570  0000FE  0E08               	movlw	8
   571  000100  6417               	cpfsgt	_Sunidades^0,c
   572  000102  EF85  F000         	goto	i2u2_41
   573  000106  EF87  F000         	goto	i2u2_40
   574  00010A                     i2u2_41:
   575  00010A  EFB0  F000         	goto	i2l843
   576  00010E                     i2u2_40:
   577  00010E                     
   578                           ;Timer0.c: 111:         {;Timer0.c: 113:             Sunidades = 0;
   579  00010E  0E00               	movlw	0
   580  000110  6E17               	movwf	_Sunidades^0,c
   581  000112                     
   582                           ;Timer0.c: 115:             if (Sdecenas >= 5)
   583  000112  0E04               	movlw	4
   584  000114  6418               	cpfsgt	_Sdecenas^0,c
   585  000116  EF8F  F000         	goto	i2u3_41
   586  00011A  EF91  F000         	goto	i2u3_40
   587  00011E                     i2u3_41:
   588  00011E  EFAF  F000         	goto	i2l841
   589  000122                     i2u3_40:
   590  000122                     
   591                           ;Timer0.c: 116:             {;Timer0.c: 117:                 Sdecenas = 0;
   592  000122  0E00               	movlw	0
   593  000124  6E18               	movwf	_Sdecenas^0,c
   594  000126                     
   595                           ;Timer0.c: 119:                 if (Munidades >= 9)
   596  000126  0E08               	movlw	8
   597  000128  6419               	cpfsgt	_Munidades^0,c
   598  00012A  EF99  F000         	goto	i2u4_41
   599  00012E  EF9B  F000         	goto	i2u4_40
   600  000132                     i2u4_41:
   601  000132  EFAC  F000         	goto	i2l839
   602  000136                     i2u4_40:
   603  000136                     
   604                           ;Timer0.c: 120:                 {;Timer0.c: 121:                     Munidades = 0;
   605  000136  0E00               	movlw	0
   606  000138  6E19               	movwf	_Munidades^0,c
   607  00013A                     
   608                           ;Timer0.c: 123:                     if (Mdecenas >= 5)
   609  00013A  0E04               	movlw	4
   610  00013C  641A               	cpfsgt	_Mdecenas^0,c
   611  00013E  EFA3  F000         	goto	i2u5_41
   612  000142  EFA5  F000         	goto	i2u5_40
   613  000146                     i2u5_41:
   614  000146  EFA9  F000         	goto	i2l837
   615  00014A                     i2u5_40:
   616  00014A                     
   617                           ;Timer0.c: 124:                     {;Timer0.c: 125:                         Mdecenas = 
      +                          0;
   618  00014A  0E00               	movlw	0
   619  00014C  6E1A               	movwf	_Mdecenas^0,c
   620                           
   621                           ;Timer0.c: 126:                     }
   622  00014E  EFB0  F000         	goto	i2l843
   623  000152                     i2l837:
   624                           
   625                           ;Timer0.c: 128:                     {;Timer0.c: 129:                         Mdecenas++;
   626  000152  2A1A               	incf	_Mdecenas^0,f,c
   627  000154  EFB0  F000         	goto	i2l843
   628  000158                     i2l839:
   629                           
   630                           ;Timer0.c: 134:                 {;Timer0.c: 135:                     Munidades++;
   631  000158  2A19               	incf	_Munidades^0,f,c
   632  00015A  EFB0  F000         	goto	i2l843
   633  00015E                     i2l841:
   634                           
   635                           ;Timer0.c: 140:             {;Timer0.c: 141:                 Sdecenas++;
   636  00015E  2A18               	incf	_Sdecenas^0,f,c
   637  000160                     i2l843:
   638                           
   639                           ;Timer0.c: 144:         LATDbits.LD4 = 0;
   640  000160  988C               	bcf	140,4,c	;volatile
   641  000162                     
   642                           ;Timer0.c: 145:         INTCONbits.T0IF = 0;
   643  000162  94F2               	bcf	242,2,c	;volatile
   644  000164                     i2l63:
   645  000164  921D               	bcf	int$flags,1,c	;clear compiler interrupt flag (level 2)
   646  000166  0011               	retfie		f
   647  000168                     __end_of_Timer0:
   648                           	opt callstack 0
   649  0000                     
   650                           	psect	rparam
   651  0000                     
   652                           	psect	temp
   653  00001D                     btemp:
   654                           	opt callstack 0
   655  00001D                     	ds	1
   656  0000                     int$flags	set	btemp
   657  0000                     wtemp8	set	btemp+1
   658  0000                     ttemp5	set	btemp+1
   659  0000                     ttemp6	set	btemp+4
   660  0000                     ttemp7	set	btemp+8
   661                           tosu	equ	0xFFF
   662                           tosh	equ	0xFFE
   663                           tosl	equ	0xFFD
   664                           stkptr	equ	0xFFC
   665                           pclatu	equ	0xFFB
   666                           pclath	equ	0xFFA
   667                           pcl	equ	0xFF9
   668                           tblptru	equ	0xFF8
   669                           tblptrh	equ	0xFF7
   670                           tblptrl	equ	0xFF6
   671                           tablat	equ	0xFF5
   672                           prodh	equ	0xFF4
   673                           prodl	equ	0xFF3
   674                           indf0	equ	0xFEF
   675                           postinc0	equ	0xFEE
   676                           postdec0	equ	0xFED
   677                           preinc0	equ	0xFEC
   678                           plusw0	equ	0xFEB
   679                           fsr0h	equ	0xFEA
   680                           fsr0l	equ	0xFE9
   681                           wreg	equ	0xFE8
   682                           indf1	equ	0xFE7
   683                           postinc1	equ	0xFE6
   684                           postdec1	equ	0xFE5
   685                           preinc1	equ	0xFE4
   686                           plusw1	equ	0xFE3
   687                           fsr1h	equ	0xFE2
   688                           fsr1l	equ	0xFE1
   689                           bsr	equ	0xFE0
   690                           indf2	equ	0xFDF
   691                           postinc2	equ	0xFDE
   692                           postdec2	equ	0xFDD
   693                           preinc2	equ	0xFDC
   694                           plusw2	equ	0xFDB
   695                           fsr2h	equ	0xFDA
   696                           fsr2l	equ	0xFD9
   697                           status	equ	0xFD8


Data Sizes:
    Strings     0
    Constant    0
    Data        27
    BSS         0
    Persistent  0
    Stack       0

Auto Spaces:
    Space          Size  Autos    Used
    COMRAM           94      1      28
    BANK0           160      0       0
    BANK1           256      0       0
    BANK2           256      0       0
    BANK3           256      0       0
    BANK4           256      0       0
    BANK5           256      0       0
    BANK6           256      0       0
    BANK7           256      0       0

Pointer List with Targets:

    None.

Critical Paths under _main in COMRAM

    None.

Critical Paths under _Timer0 in COMRAM

    None.

Critical Paths under _main in BANK0

    None.

Critical Paths under _Timer0 in BANK0

    None.

Critical Paths under _main in BANK1

    None.

Critical Paths under _Timer0 in BANK1

    None.

Critical Paths under _main in BANK2

    None.

Critical Paths under _Timer0 in BANK2

    None.

Critical Paths under _main in BANK3

    None.

Critical Paths under _Timer0 in BANK3

    None.

Critical Paths under _main in BANK4

    None.

Critical Paths under _Timer0 in BANK4

    None.

Critical Paths under _main in BANK5

    None.

Critical Paths under _Timer0 in BANK5

    None.

Critical Paths under _main in BANK6

    None.

Critical Paths under _Timer0 in BANK6

    None.

Critical Paths under _main in BANK7

    None.

Critical Paths under _Timer0 in BANK7

    None.

Call Graph Tables:

 ---------------------------------------------------------------------------------
 (Depth) Function   	        Calls       Base Space   Used Autos Params    Refs
 ---------------------------------------------------------------------------------
 (0) _main                                                 1     1      0       0
                                              0 COMRAM     1     1      0
                               _Init
                           _InitTMR0
 ---------------------------------------------------------------------------------
 (1) _InitTMR0                                             0     0      0       0
 ---------------------------------------------------------------------------------
 (1) _Init                                                 0     0      0       0
 ---------------------------------------------------------------------------------
 Estimated maximum stack depth 1
 ---------------------------------------------------------------------------------
 (Depth) Function   	        Calls       Base Space   Used Autos Params    Refs
 ---------------------------------------------------------------------------------
 (2) _Timer0                                               0     0      0       0
 ---------------------------------------------------------------------------------
 Estimated maximum stack depth 2
 ---------------------------------------------------------------------------------

 Call Graph Graphs:

 _main (ROOT)
   _Init
   _InitTMR0

 _Timer0 (ROOT)

 Address spaces:
Name               Size   Autos  Total    Cost      Usage
BIGRAM             7FF      0       0      21        0.0%
EEDATA             100      0       0       0        0.0%
BITBANK7           100      0       0      18        0.0%
BANK7              100      0       0      19        0.0%
BITBANK6           100      0       0      16        0.0%
BANK6              100      0       0      17        0.0%
BITBANK5           100      0       0      14        0.0%
BANK5              100      0       0      15        0.0%
BITBANK4           100      0       0      12        0.0%
BANK4              100      0       0      13        0.0%
BITBANK3           100      0       0      10        0.0%
BANK3              100      0       0      11        0.0%
BITBANK2           100      0       0       8        0.0%
BANK2              100      0       0       9        0.0%
BITBANK1           100      0       0       6        0.0%
BANK1              100      0       0       7        0.0%
BITBANK0            A0      0       0       4        0.0%
BANK0               A0      0       0       5        0.0%
BITCOMRAM           5E      0       0       0        0.0%
COMRAM              5E      1      1C       1       29.8%
BITSFR               0      0       0     200        0.0%
SFR                  0      0       0     200        0.0%
STACK                0      0       0       2        0.0%
NULL                 0      0       0       0        0.0%
ABS                  0      0      1C      20        0.0%
DATA                 0      0      1C       3        0.0%
CODE                 0      0       0       0        0.0%


Microchip Technology PIC18 Macro Assembler V2.10 build 88905656 
Symbol Table                                                                                   Fri Feb 19 11:27:17 2021

                     l42 01B0                       l39 01E2              __CFG_BOR$ON 000000  
            __CFG_BORV$3 000000             __CFG_CP0$OFF 000000             __CFG_CP1$OFF 000000  
           __CFG_CP2$OFF 000000             __CFG_CP3$OFF 000000              __CFG_LVP$ON 000000  
            __CFG_WDT$ON 000000                      l801 00B0                      l811 00CC  
                    l803 00B2                      l741 0192                      l805 00B4  
                    l751 01A2                      l743 0198                      l807 00B6  
                    l753 01A4                      l745 019C                      l809 00B8  
                    l761 001A                      l739 01CE                      l755 01A6  
                    l747 019E                      l771 0032                      l763 001C  
                    l757 01A8                      l749 01A0                      l781 005C  
                    l773 0034                      l765 002C                      l791 0086  
                    l783 005E                      l775 0048                      l767 002E  
                    l759 0012                      l793 0088                      l785 0060  
                    l777 0058                      l769 0030                      l795 008A  
                    l787 0074                      l779 005A                      l797 008C  
                    l789 0084                      l799 00A0             __CFG_CPB$OFF 000000  
           __CFG_CPD$OFF 000000                      u427 0022                      u437 004E  
                    u447 007A                      u457 00A6                      u467 00D2  
                    prod 000FF3                      wreg 000FE8                     _LATB 000F8A  
                   _LATD 000F8C                     i2l63 0164                     _Init 01CE  
                   _main 0012                     indf2 000FDF                     fsr1l 000FE1  
                   fsr2l 000FD9                     btemp 001D                     prodl 000FF3  
                   start 000E            __CFG_IESO$OFF 000000            __CFG_MCLRE$ON 000000  
           ___param_bank 000000            __CFG_PLLDIV$1 000000                    ?_Init 001C  
         __CFG_CCP2MX$ON 000000                    ?_main 001C                    i2l821 00FE  
                  i2l813 00E6                    i2l831 0136                    i2l823 010E  
                  i2l815 00F4                    i2l833 013A                    i2l841 015E  
                  i2l825 0112                    i2l817 00F8                    i2l835 014A  
                  i2l827 0122                    i2l843 0160                    i2l819 00FC  
                  i2l845 0162                    i2l837 0152                    i2l829 0126  
                  i2l839 0158                    _TMR0H 000FD7                    _TMR0L 000FD6  
          __CFG_USBDIV$1 000000                    _TRISB 000F93                    _TRISD 000F95  
          __CFG_PWRT$OFF 000000            __CFG_WRT0$OFF 000000            __CFG_WRT1$OFF 000000  
          __CFG_WRT2$OFF 000000            __CFG_WRT3$OFF 000000           __CFG_EBTR0$OFF 000000  
         __CFG_FCMEN$OFF 000000           __CFG_EBTR1$OFF 000000           __CFG_EBTR2$OFF 000000  
         __CFG_EBTR3$OFF 000000            __CFG_WRTB$OFF 000000            __CFG_WRTC$OFF 000000  
          __CFG_WRTD$OFF 000000           __CFG_EBTRB$OFF 000000                    tablat 000FF5  
                  ttemp5 001E                    ttemp6 0021                    ttemp7 0025  
                  wtemp8 001E           __CFG_ICPRT$OFF 000000           __CFG_PBADEN$ON 000000  
        __initialization 0168             __end_of_Init 01E4             __end_of_main 00E4  
       __end_of_InitTMR0 01B2                   ??_Init 001C                   ??_main 001C  
          __activetblptr 000000                   i2u1_40 00F4                   i2u1_41 00F0  
                 i2u2_40 010E                   i2u2_41 010A                   i2u3_40 0122  
                 i2u3_41 011E                   i2u4_40 0136                   i2u4_41 0132  
                 i2u5_40 014A                   i2u5_41 0146           __CFG_XINST$OFF 000000  
                 _Timer0 0008           __CFG_STVREN$ON 000000             __pdataCOMRAM 0001  
                 tblptrh 000FF7                   tblptrl 000FF6                   tblptru 000FF8  
        __CFG_FOSC$EC_EC 000000               __accesstop 0060  __end_of__initialization 0188  
          ___rparam_used 000001           __pcstackCOMRAM 001C                ?_InitTMR0 001C  
                ?_Timer0 001C                  _DATTMR0 0015               ??_InitTMR0 001C  
        __CFG_VREGEN$OFF 000000                  __Hparam 0000                  __Lparam 0000  
        __size_of_Timer0 0160                  __pcinit 0168                  __ramtop 0800  
                __ptext0 0012                  __ptext1 0192                  __ptext2 01CE  
                _display 0001                _T0CONbits 000FD5           __pintcode_body 00E4  
   end_of_initialization 0188                  int_func 00E4                  postdec1 000FE5  
                postinc0 000FEE           __end_of_Timer0 0168            __pidataCOMRAM 01B2  
    start_initialization 0168        __size_of_InitTMR0 0020                 ??_Timer0 001C  
              _Munidades 0019         __CFG_LPT1OSC$OFF 000000                _Sunidades 0017  
              __pintcode 0008                _milsecons 001B                 _LATDbits 000F8C  
       __CFG_WDTPS$32768 000000               _ADCON1bits 000FC1                copy_data0 017C  
               _Mdecenas 001A                 _InitTMR0 0192                 _Sdecenas 0018  
               __Hrparam 0000                 __Lrparam 0000            __size_of_Init 0016  
          __size_of_main 00D2                 int$flags 001D    __CFG_CPUDIV$OSC1_PLL2 000000  
             _INTCONbits 000FF2                 intlevel2 0000  
